<?xml version="1.0" encoding="UTF-8"?>
<!-- Generated by org.testng.reporters.JUnitReportReporter -->
<testsuite hostname="LAPTOP-3FNC3192" failures="0" tests="6" name="testRunner.TestNGTestRunner" time="5.706" errors="0" timestamp="2023-10-18T14:30:22 PST" skipped="0">
  <testcase classname="testRunner.TestNGTestRunner" name="runScenario" time="0.132"/>
  <testcase classname="testRunner.TestNGTestRunner" name="runScenario" time="0.170"/>
  <testcase classname="testRunner.TestNGTestRunner" name="runScenario" time="0.133"/>
  <testcase classname="testRunner.TestNGTestRunner" name="runScenario" time="4.823"/>
  <testcase classname="testRunner.TestNGTestRunner" name="runScenario" time="0.150"/>
  <testcase classname="testRunner.TestNGTestRunner" name="runScenario" time="0.298"/>
</testsuite> <!-- testRunner.TestNGTestRunner -->
