<?xml version="1.0" encoding="UTF-8"?>
<!-- Generated by org.testng.reporters.JUnitReportReporter -->
<testsuite hostname="LAPTOP-3FNC3192" failures="0" tests="3" name="testRunner.TestRunner" time="4.395" errors="0" timestamp="2023-09-24T01:24:02 PST" skipped="0">
  <testcase classname="testRunner.TestRunner" name="runScenario" time="0.108"/>
  <testcase classname="testRunner.TestRunner" name="runScenario" time="4.142"/>
  <testcase classname="testRunner.TestRunner" name="runScenario" time="0.145"/>
</testsuite> <!-- testRunner.TestRunner -->
