<?xml version="1.0" encoding="UTF-8"?>
<!-- Generated by org.testng.reporters.JUnitReportReporter -->
<testsuite hostname="LAPTOP-3FNC3192" failures="0" tests="4" name="testRunner.TestNGTestRunner" time="5.009" errors="0" timestamp="2023-10-03T22:01:29 PST" skipped="0">
  <testcase classname="testRunner.TestNGTestRunner" name="runScenario" time="0.134"/>
  <testcase classname="testRunner.TestNGTestRunner" name="runScenario" time="0.304"/>
  <testcase classname="testRunner.TestNGTestRunner" name="runScenario" time="4.391"/>
  <testcase classname="testRunner.TestNGTestRunner" name="runScenario" time="0.180"/>
</testsuite> <!-- testRunner.TestNGTestRunner -->
