<?xml version="1.0" encoding="UTF-8"?>
<!-- Generated by org.testng.reporters.JUnitReportReporter -->
<testsuite hostname="LAPTOP-3FNC3192" failures="0" tests="6" name="testRunner.TestNGTestRunner" time="6.637" errors="0" timestamp="2023-10-18T23:20:55 PST" skipped="0">
  <testcase classname="testRunner.TestNGTestRunner" name="runScenario" time="0.210"/>
  <testcase classname="testRunner.TestNGTestRunner" name="runScenario" time="0.361"/>
  <testcase classname="testRunner.TestNGTestRunner" name="runScenario" time="5.444"/>
  <testcase classname="testRunner.TestNGTestRunner" name="runScenario" time="0.130"/>
  <testcase classname="testRunner.TestNGTestRunner" name="runScenario" time="0.317"/>
  <testcase classname="testRunner.TestNGTestRunner" name="runScenario" time="0.175"/>
</testsuite> <!-- testRunner.TestNGTestRunner -->
