<?xml version="1.0" encoding="UTF-8"?>
<!-- Generated by org.testng.reporters.JUnitReportReporter -->
<testsuite hostname="LAPTOP-3FNC3192" failures="0" tests="5" name="testRunner.TestNGTestRunner" time="5.334" errors="0" timestamp="2023-09-27T21:20:53 PST" skipped="0">
  <testcase classname="testRunner.TestNGTestRunner" name="runScenario" time="0.185"/>
  <testcase classname="testRunner.TestNGTestRunner" name="runScenario" time="0.200"/>
  <testcase classname="testRunner.TestNGTestRunner" name="runScenario" time="4.658"/>
  <testcase classname="testRunner.TestNGTestRunner" name="runScenario" time="0.127"/>
  <testcase classname="testRunner.TestNGTestRunner" name="runScenario" time="0.164"/>
</testsuite> <!-- testRunner.TestNGTestRunner -->
